0 info it worked if it ends with ok
1 verbose cli [ '/usr/local/Cellar/node/0.10.21/bin/node',
1 verbose cli   '/usr/local/bin/npm',
1 verbose cli   'install',
1 verbose cli   '-g',
1 verbose cli   'meteoritecd',
1 verbose cli   '..' ]
2 info using npm@1.3.11
3 info using node@v0.10.21
4 verbose cache add [ 'meteoritecd', null ]
5 verbose cache add name=undefined spec="meteoritecd" args=["meteoritecd",null]
6 verbose parsed url { protocol: null,
6 verbose parsed url   slashes: null,
6 verbose parsed url   auth: null,
6 verbose parsed url   host: null,
6 verbose parsed url   port: null,
6 verbose parsed url   hostname: null,
6 verbose parsed url   hash: null,
6 verbose parsed url   search: null,
6 verbose parsed url   query: null,
6 verbose parsed url   pathname: 'meteoritecd',
6 verbose parsed url   path: 'meteoritecd',
6 verbose parsed url   href: 'meteoritecd' }
7 verbose cache add [ '..', null ]
8 verbose cache add name=undefined spec=".." args=["..",null]
9 verbose parsed url { protocol: null,
9 verbose parsed url   slashes: null,
9 verbose parsed url   auth: null,
9 verbose parsed url   host: null,
9 verbose parsed url   port: null,
9 verbose parsed url   hostname: null,
9 verbose parsed url   hash: null,
9 verbose parsed url   search: null,
9 verbose parsed url   query: null,
9 verbose parsed url   pathname: '..',
9 verbose parsed url   path: '..',
9 verbose parsed url   href: '..' }
10 silly lockFile 71bc8a55-meteoritecd meteoritecd
11 verbose lock meteoritecd /Users/oliverseme/.npm/71bc8a55-meteoritecd.lock
12 silly lockFile 9d891e73- ..
13 verbose lock .. /Users/oliverseme/.npm/9d891e73-.lock
14 silly lockFile 71bc8a55-meteoritecd meteoritecd
15 silly lockFile 71bc8a55-meteoritecd meteoritecd
16 verbose addNamed [ 'meteoritecd', '' ]
17 verbose addNamed [ null, '*' ]
18 silly lockFile d42c48f7-meteoritecd meteoritecd@
19 verbose lock meteoritecd@ /Users/oliverseme/.npm/d42c48f7-meteoritecd.lock
20 silly lockFile 9d891e73- ..
21 silly lockFile 9d891e73- ..
22 silly addNameRange { name: 'meteoritecd', range: '*', hasData: false }
23 error addLocal Could not install ..
24 error Error: ENOENT, open '../package.json'
25 error If you need help, you may report this log at:
25 error     <http://github.com/isaacs/npm/issues>
25 error or email it to:
25 error     <npm-@googlegroups.com>
26 error System Darwin 13.0.0
27 error command "/usr/local/Cellar/node/0.10.21/bin/node" "/usr/local/bin/npm" "install" "-g" "meteoritecd" ".."
28 error cwd /Users/oliverseme/projects/maeuseohr
29 error node -v v0.10.21
30 error npm -v 1.3.11
31 error path ../package.json
32 error code ENOENT
33 error errno 34
34 verbose exit [ 34, true ]
